{"C:\\Users\\pedro\\Desktop\\faculdade\\7º periodo (2020.2)\\Teste de software\\Line_Bus\\src\\backend\\Bus.js": {"path":"C:\\Users\\pedro\\Desktop\\faculdade\\7º periodo (2020.2)\\Teste de software\\Line_Bus\\src\\backend\\Bus.js","statementMap":{"0":{"start":{"line":4,"column":8},"end":{"line":4,"column":29}},"1":{"start":{"line":5,"column":8},"end":{"line":5,"column":33}},"2":{"start":{"line":6,"column":8},"end":{"line":6,"column":45}},"3":{"start":{"line":7,"column":8},"end":{"line":7,"column":51}},"4":{"start":{"line":12,"column":19},"end":{"line":12,"column":63}},"5":{"start":{"line":13,"column":8},"end":{"line":13,"column":29}},"6":{"start":{"line":13,"column":21},"end":{"line":13,"column":29}},"7":{"start":{"line":14,"column":8},"end":{"line":14,"column":19}},"8":{"start":{"line":18,"column":8},"end":{"line":18,"column":64}},"9":{"start":{"line":19,"column":8},"end":{"line":19,"column":66}},"10":{"start":{"line":19,"column":39},"end":{"line":19,"column":66}},"11":{"start":{"line":22,"column":8},"end":{"line":22,"column":64}},"12":{"start":{"line":25,"column":0},"end":{"line":25,"column":21}}},"fnMap":{"0":{"name":"(anonymous_0)","decl":{"start":{"line":3,"column":4},"end":{"line":3,"column":5}},"loc":{"start":{"line":3,"column":69},"end":{"line":8,"column":5}},"line":3},"1":{"name":"(anonymous_1)","decl":{"start":{"line":10,"column":4},"end":{"line":10,"column":5}},"loc":{"start":{"line":10,"column":19},"end":{"line":15,"column":5}},"line":10},"2":{"name":"(anonymous_2)","decl":{"start":{"line":17,"column":4},"end":{"line":17,"column":5}},"loc":{"start":{"line":17,"column":26},"end":{"line":20,"column":5}},"line":17},"3":{"name":"(anonymous_3)","decl":{"start":{"line":21,"column":4},"end":{"line":21,"column":5}},"loc":{"start":{"line":21,"column":28},"end":{"line":23,"column":5}},"line":21}},"branchMap":{"0":{"loc":{"start":{"line":13,"column":8},"end":{"line":13,"column":29}},"type":"if","locations":[{"start":{"line":13,"column":8},"end":{"line":13,"column":29}},{"start":{"line":13,"column":8},"end":{"line":13,"column":29}}],"line":13},"1":{"loc":{"start":{"line":19,"column":8},"end":{"line":19,"column":66}},"type":"if","locations":[{"start":{"line":19,"column":8},"end":{"line":19,"column":66}},{"start":{"line":19,"column":8},"end":{"line":19,"column":66}}],"line":19}},"s":{"0":5,"1":5,"2":5,"3":5,"4":2,"5":2,"6":1,"7":2,"8":2,"9":2,"10":1,"11":1,"12":2},"f":{"0":5,"1":2,"2":2,"3":1},"b":{"0":[1,1],"1":[1,1]},"_coverageSchema":"1a1c01bbd47fc00a2c39e90264f33305004495a9","hash":"a84e2c41e22ddfd9b0ff0532d42ed8251ec589fe"}
,"C:\\Users\\pedro\\Desktop\\faculdade\\7º periodo (2020.2)\\Teste de software\\Line_Bus\\src\\backend\\Rota.js": {"path":"C:\\Users\\pedro\\Desktop\\faculdade\\7º periodo (2020.2)\\Teste de software\\Line_Bus\\src\\backend\\Rota.js","statementMap":{"0":{"start":{"line":1,"column":12},"end":{"line":1,"column":37}},"1":{"start":{"line":5,"column":8},"end":{"line":5,"column":27}},"2":{"start":{"line":10,"column":8},"end":{"line":10,"column":97}},"3":{"start":{"line":10,"column":85},"end":{"line":10,"column":97}},"4":{"start":{"line":11,"column":8},"end":{"line":11,"column":76}},"5":{"start":{"line":15,"column":8},"end":{"line":15,"column":125}},"6":{"start":{"line":19,"column":8},"end":{"line":20,"column":14}},"7":{"start":{"line":21,"column":8},"end":{"line":21,"column":15}},"8":{"start":{"line":25,"column":0},"end":{"line":25,"column":22}}},"fnMap":{"0":{"name":"(anonymous_0)","decl":{"start":{"line":4,"column":4},"end":{"line":4,"column":5}},"loc":{"start":{"line":4,"column":18},"end":{"line":6,"column":5}},"line":4},"1":{"name":"(anonymous_1)","decl":{"start":{"line":8,"column":4},"end":{"line":8,"column":5}},"loc":{"start":{"line":8,"column":69},"end":{"line":12,"column":5}},"line":8},"2":{"name":"(anonymous_2)","decl":{"start":{"line":14,"column":4},"end":{"line":14,"column":5}},"loc":{"start":{"line":14,"column":70},"end":{"line":16,"column":5}},"line":14},"3":{"name":"(anonymous_3)","decl":{"start":{"line":18,"column":4},"end":{"line":18,"column":5}},"loc":{"start":{"line":18,"column":28},"end":{"line":22,"column":5}},"line":18}},"branchMap":{"0":{"loc":{"start":{"line":10,"column":8},"end":{"line":10,"column":97}},"type":"if","locations":[{"start":{"line":10,"column":8},"end":{"line":10,"column":97}},{"start":{"line":10,"column":8},"end":{"line":10,"column":97}}],"line":10},"1":{"loc":{"start":{"line":15,"column":16},"end":{"line":15,"column":123}},"type":"binary-expr","locations":[{"start":{"line":15,"column":16},"end":{"line":15,"column":42}},{"start":{"line":15,"column":46},"end":{"line":15,"column":75}},{"start":{"line":15,"column":79},"end":{"line":15,"column":97}},{"start":{"line":15,"column":101},"end":{"line":15,"column":123}}],"line":15}},"s":{"0":1,"1":1,"2":2,"3":1,"4":1,"5":2,"6":0,"7":0,"8":1},"f":{"0":1,"1":2,"2":2,"3":0},"b":{"0":[1,1],"1":[2,1,1,1]},"_coverageSchema":"1a1c01bbd47fc00a2c39e90264f33305004495a9","hash":"c6c306020a2d8d61bb1f0bb50e5d4ec64389d09a"}
}
