TN:
SF:src\backend\Bus.js
FN:3,(anonymous_0)
FN:10,(anonymous_1)
FN:17,(anonymous_2)
FN:21,(anonymous_3)
FNF:4
FNH:4
FNDA:5,(anonymous_0)
FNDA:2,(anonymous_1)
FNDA:2,(anonymous_2)
FNDA:1,(anonymous_3)
DA:4,5
DA:5,5
DA:6,5
DA:7,5
DA:12,2
DA:13,2
DA:14,2
DA:18,2
DA:19,2
DA:22,1
DA:25,2
LF:11
LH:11
BRDA:13,0,0,1
BRDA:13,0,1,1
BRDA:19,1,0,1
BRDA:19,1,1,1
BRF:4
BRH:4
end_of_record
TN:
SF:src\backend\Rota.js
FN:4,(anonymous_0)
FN:8,(anonymous_1)
FN:14,(anonymous_2)
FN:18,(anonymous_3)
FNF:4
FNH:3
FNDA:1,(anonymous_0)
FNDA:2,(anonymous_1)
FNDA:2,(anonymous_2)
FNDA:0,(anonymous_3)
DA:1,1
DA:5,1
DA:10,2
DA:11,1
DA:15,2
DA:19,0
DA:20,0
DA:24,1
LF:8
LH:6
BRDA:10,0,0,1
BRDA:10,0,1,1
BRDA:15,1,0,2
BRDA:15,1,1,1
BRDA:15,1,2,1
BRDA:15,1,3,1
BRF:6
BRH:6
end_of_record
